0 info it worked if it ends with ok
1 verbose cli [ 'node', '/usr/local/bin/npm', 'install', '-g', 'karma' ]
2 info using npm@1.1.48
3 info using node@v0.8.6
4 verbose config file /Users/dclowd9901/.npmrc
5 verbose config file /usr/local/etc/npmrc
6 verbose config file /usr/local/lib/node_modules/npm/npmrc
7 verbose read json /usr/local/lib/package.json
8 verbose read json /usr/local/lib/package.json
9 verbose cache add [ 'karma', null ]
10 silly cache add name=undefined spec="karma" args=["karma",null]
11 verbose parsed url { pathname: 'karma', path: 'karma', href: 'karma' }
12 silly lockFile 512423cb-karma karma
13 verbose lock karma /Users/dclowd9901/.npm/512423cb-karma.lock
14 silly lockFile 512423cb-karma karma
15 verbose addNamed [ 'karma', '' ]
16 verbose addNamed [ null, '' ]
17 silly lockFile cd7961bb-karma karma@
18 verbose lock karma@ /Users/dclowd9901/.npm/cd7961bb-karma.lock
19 silly addNameRange { name: 'karma', range: '', hasData: false }
20 verbose url raw karma
21 verbose url resolving [ 'https://registry.npmjs.org/', './karma' ]
22 verbose url resolved https://registry.npmjs.org/karma
23 info retry registry request attempt 1 at 08:39:57
24 http GET https://registry.npmjs.org/karma
25 http 200 https://registry.npmjs.org/karma
26 silly registry.get cb [ 200,
26 silly registry.get   { vary: 'Accept',
26 silly registry.get     server: 'CouchDB/1.3.0 (Erlang OTP/R15B03)',
26 silly registry.get     etag: '"1DM4AW3HIDCEOJC506IOK6T9E"',
26 silly registry.get     date: 'Thu, 27 Jun 2013 15:39:59 GMT',
26 silly registry.get     'content-type': 'application/json',
26 silly registry.get     'content-length': '135270' } ]
27 silly addNameRange number 2 { name: 'karma', range: '', hasData: true }
28 silly addNameRange versions [ 'karma',
28 silly addNameRange   [ '0.8.0',
28 silly addNameRange     '0.9.0-dart',
28 silly addNameRange     '0.8.1',
28 silly addNameRange     '0.8.2',
28 silly addNameRange     '0.8.3',
28 silly addNameRange     '0.9.0',
28 silly addNameRange     '0.8.4',
28 silly addNameRange     '0.9.1',
28 silly addNameRange     '0.8.5',
28 silly addNameRange     '0.9.2',
28 silly addNameRange     '0.9.2-dart',
28 silly addNameRange     '0.9.3',
28 silly addNameRange     '0.8.6' ] ]
29 verbose addNamed [ 'karma', '0.8.6' ]
30 verbose addNamed [ '0.8.6', '0.8.6' ]
31 silly lockFile cf160b05-karma-0-8-6 karma@0.8.6
32 verbose lock karma@0.8.6 /Users/dclowd9901/.npm/cf160b05-karma-0-8-6.lock
33 silly lockFile dfef4c03--npmjs-org-karma-karma-0-8-6-tgz https://registry.npmjs.org/karma/-/karma-0.8.6.tgz
34 verbose lock https://registry.npmjs.org/karma/-/karma-0.8.6.tgz /Users/dclowd9901/.npm/dfef4c03--npmjs-org-karma-karma-0-8-6-tgz.lock
35 verbose addRemoteTarball [ 'https://registry.npmjs.org/karma/-/karma-0.8.6.tgz',
35 verbose addRemoteTarball   '261ec2405104f1877adc59d5416e92b6c3a645c8' ]
36 info retry fetch attempt 1 at 08:40:00
37 verbose fetch to= /var/folders/_c/gz86vsmn2fq7b1qmjbyvc6gh0000gn/T/npm-36833/1372347600143-0.6881398546975106/tmp.tgz
38 http GET https://registry.npmjs.org/karma/-/karma-0.8.6.tgz
39 http 200 https://registry.npmjs.org/karma/-/karma-0.8.6.tgz
40 silly shasum updated bytes 40960
41 silly shasum updated bytes 40960
42 silly shasum updated bytes 40960
43 silly shasum updated bytes 40960
44 silly shasum updated bytes 40960
45 silly shasum updated bytes 40960
46 silly shasum updated bytes 40960
47 silly shasum updated bytes 40960
48 silly shasum updated bytes 23394
49 info shasum 261ec2405104f1877adc59d5416e92b6c3a645c8
49 info shasum /var/folders/_c/gz86vsmn2fq7b1qmjbyvc6gh0000gn/T/npm-36833/1372347600143-0.6881398546975106/tmp.tgz
50 verbose tar unpack /var/folders/_c/gz86vsmn2fq7b1qmjbyvc6gh0000gn/T/npm-36833/1372347600143-0.6881398546975106/tmp.tgz
51 silly lockFile 08449516-00143-0-6881398546975106-package /var/folders/_c/gz86vsmn2fq7b1qmjbyvc6gh0000gn/T/npm-36833/1372347600143-0.6881398546975106/package
52 verbose lock /var/folders/_c/gz86vsmn2fq7b1qmjbyvc6gh0000gn/T/npm-36833/1372347600143-0.6881398546975106/package /Users/dclowd9901/.npm/08449516-00143-0-6881398546975106-package.lock
53 silly gunzTarPerm modes [ '755', '644' ]
54 silly gunzTarPerm extractEntry package.json
55 silly gunzTarPerm extractEntry README.md
56 silly gunzTarPerm extractEntry LICENSE
57 silly gunzTarPerm extractEntry bin/karma
58 silly gunzTarPerm extractEntry CHANGELOG.md
59 silly gunzTarPerm extractEntry adapter/angular-scenario.js
60 silly gunzTarPerm extractEntry adapter/jasmine.js
61 silly gunzTarPerm extractEntry adapter/mocha.js
62 silly gunzTarPerm extractEntry adapter/qunit.js
63 silly gunzTarPerm extractEntry adapter/require.js
64 silly gunzTarPerm extractEntry adapter/lib/angular-scenario.js
65 silly gunzTarPerm extractEntry adapter/lib/jasmine.js
66 silly gunzTarPerm extractEntry adapter/lib/mocha.js
67 silly gunzTarPerm extractEntry adapter/lib/qunit.js
68 silly gunzTarPerm extractEntry adapter/lib/require.js
69 silly gunzTarPerm extractEntry .mailmap
70 silly gunzTarPerm extractEntry config.template
71 silly gunzTarPerm extractEntry lib/browser.js
72 silly gunzTarPerm extractEntry lib/helper.js
73 silly gunzTarPerm extractEntry lib/index.js
74 silly gunzTarPerm extractEntry lib/init.js
75 silly gunzTarPerm extractEntry lib/file-list.js
76 silly gunzTarPerm extractEntry lib/cli.js
77 silly gunzTarPerm extractEntry lib/logger.js
78 silly gunzTarPerm extractEntry lib/preprocessor.js
79 silly gunzTarPerm extractEntry lib/watcher.js
80 silly gunzTarPerm extractEntry lib/proxy.js
81 silly gunzTarPerm extractEntry lib/events.js
82 silly gunzTarPerm extractEntry lib/reporter.js
83 silly gunzTarPerm extractEntry lib/constants.js
84 silly gunzTarPerm extractEntry lib/server.js
85 silly gunzTarPerm extractEntry lib/config.js
86 silly gunzTarPerm extractEntry lib/runner.js
87 silly gunzTarPerm extractEntry lib/launcher.js
88 silly gunzTarPerm extractEntry lib/web-server.js
89 silly gunzTarPerm extractEntry lib/reporters/Base.js
90 silly gunzTarPerm extractEntry lib/reporters/Coverage.js
91 silly gunzTarPerm extractEntry lib/reporters/Dots.js
92 silly gunzTarPerm extractEntry lib/reporters/DotsColor.js
93 silly gunzTarPerm extractEntry lib/reporters/Growl.js
94 silly gunzTarPerm extractEntry lib/reporters/BaseColor.js
95 silly gunzTarPerm extractEntry lib/reporters/Multi.js
96 silly gunzTarPerm extractEntry lib/reporters/Progress.js
97 silly gunzTarPerm extractEntry lib/reporters/ProgressColor.js
98 silly gunzTarPerm extractEntry lib/reporters/Teamcity.js
99 silly gunzTarPerm extractEntry lib/reporters/JUnit.js
100 silly gunzTarPerm extractEntry lib/reporters/images/error.png
101 silly gunzTarPerm extractEntry lib/reporters/images/failed.png
102 silly gunzTarPerm extractEntry lib/reporters/images/success.png
103 silly gunzTarPerm extractEntry lib/preprocessors/Coffee.js
104 silly gunzTarPerm extractEntry lib/preprocessors/Coverage.js
105 silly gunzTarPerm extractEntry lib/preprocessors/Html2js.js
106 silly gunzTarPerm extractEntry lib/preprocessors/Live.js
107 silly gunzTarPerm extractEntry lib/launchers/Base.js
108 silly gunzTarPerm extractEntry lib/launchers/Chrome.js
109 silly gunzTarPerm extractEntry lib/launchers/ChromeCanary.js
110 silly gunzTarPerm extractEntry lib/launchers/Firefox.js
111 silly gunzTarPerm extractEntry lib/launchers/IE.js
112 silly gunzTarPerm extractEntry lib/launchers/Opera.js
113 silly gunzTarPerm extractEntry lib/launchers/PhantomJS.js
114 silly gunzTarPerm extractEntry lib/launchers/Safari.js
115 silly gunzTarPerm extractEntry .gitattributes
116 silly gunzTarPerm extractEntry scripts/validate-commit-msg.js
117 silly gunzTarPerm extractEntry static/testacular.js
118 silly gunzTarPerm extractEntry static/client.html
119 silly gunzTarPerm extractEntry static/context.html
120 silly gunzTarPerm extractEntry static/debug.html
121 silly gunzTarPerm extractEntry static/safari.html
122 silly gunzTarPerm extractEntry test-results.xml
123 verbose read json /var/folders/_c/gz86vsmn2fq7b1qmjbyvc6gh0000gn/T/npm-36833/1372347600143-0.6881398546975106/package/package.json
124 silly lockFile 08449516-00143-0-6881398546975106-package /var/folders/_c/gz86vsmn2fq7b1qmjbyvc6gh0000gn/T/npm-36833/1372347600143-0.6881398546975106/package
125 verbose from cache /var/folders/_c/gz86vsmn2fq7b1qmjbyvc6gh0000gn/T/npm-36833/1372347600143-0.6881398546975106/package/package.json
126 verbose tar pack [ '/Users/dclowd9901/.npm/karma/0.8.6/package.tgz',
126 verbose tar pack   '/var/folders/_c/gz86vsmn2fq7b1qmjbyvc6gh0000gn/T/npm-36833/1372347600143-0.6881398546975106/package' ]
127 verbose tarball /Users/dclowd9901/.npm/karma/0.8.6/package.tgz
128 verbose folder /var/folders/_c/gz86vsmn2fq7b1qmjbyvc6gh0000gn/T/npm-36833/1372347600143-0.6881398546975106/package
129 silly lockFile 870defb1-9901-npm-karma-0-8-6-package-tgz /Users/dclowd9901/.npm/karma/0.8.6/package.tgz
130 verbose lock /Users/dclowd9901/.npm/karma/0.8.6/package.tgz /Users/dclowd9901/.npm/870defb1-9901-npm-karma-0-8-6-package-tgz.lock
131 silly lockFile 870defb1-9901-npm-karma-0-8-6-package-tgz /Users/dclowd9901/.npm/karma/0.8.6/package.tgz
132 silly lockFile e5fccc43-lowd9901-npm-karma-0-8-6-package /Users/dclowd9901/.npm/karma/0.8.6/package
133 verbose lock /Users/dclowd9901/.npm/karma/0.8.6/package /Users/dclowd9901/.npm/e5fccc43-lowd9901-npm-karma-0-8-6-package.lock
134 silly lockFile e5fccc43-lowd9901-npm-karma-0-8-6-package /Users/dclowd9901/.npm/karma/0.8.6/package
135 verbose tar unpack /Users/dclowd9901/.npm/karma/0.8.6/package.tgz
136 silly lockFile e5fccc43-lowd9901-npm-karma-0-8-6-package /Users/dclowd9901/.npm/karma/0.8.6/package
137 verbose lock /Users/dclowd9901/.npm/karma/0.8.6/package /Users/dclowd9901/.npm/e5fccc43-lowd9901-npm-karma-0-8-6-package.lock
138 silly gunzTarPerm modes [ '755', '644' ]
139 silly gunzTarPerm extractEntry package.json
140 silly gunzTarPerm extractEntry README.md
141 silly gunzTarPerm extractEntry LICENSE
142 silly gunzTarPerm extractEntry lib/browser.js
143 silly gunzTarPerm extractEntry lib/helper.js
144 silly gunzTarPerm extractEntry lib/index.js
145 silly gunzTarPerm extractEntry lib/init.js
146 silly gunzTarPerm extractEntry lib/file-list.js
147 silly gunzTarPerm extractEntry lib/cli.js
148 silly gunzTarPerm extractEntry lib/logger.js
149 silly gunzTarPerm extractEntry lib/preprocessor.js
150 silly gunzTarPerm extractEntry lib/watcher.js
151 silly gunzTarPerm extractEntry lib/proxy.js
152 silly gunzTarPerm extractEntry lib/events.js
153 silly gunzTarPerm extractEntry lib/reporter.js
154 silly gunzTarPerm extractEntry lib/constants.js
155 silly gunzTarPerm extractEntry lib/server.js
156 silly gunzTarPerm extractEntry lib/config.js
157 silly gunzTarPerm extractEntry lib/runner.js
158 silly gunzTarPerm extractEntry lib/launcher.js
159 silly gunzTarPerm extractEntry lib/web-server.js
160 silly gunzTarPerm extractEntry lib/reporters/Base.js
161 silly gunzTarPerm extractEntry lib/reporters/Coverage.js
162 silly gunzTarPerm extractEntry lib/reporters/Dots.js
163 silly gunzTarPerm extractEntry lib/reporters/DotsColor.js
164 silly gunzTarPerm extractEntry lib/reporters/Growl.js
165 silly gunzTarPerm extractEntry lib/reporters/BaseColor.js
166 silly gunzTarPerm extractEntry lib/reporters/JUnit.js
167 silly gunzTarPerm extractEntry lib/reporters/Multi.js
168 silly gunzTarPerm extractEntry lib/reporters/Progress.js
169 silly gunzTarPerm extractEntry lib/reporters/ProgressColor.js
170 silly gunzTarPerm extractEntry lib/reporters/Teamcity.js
171 silly gunzTarPerm extractEntry lib/reporters/images/error.png
172 silly gunzTarPerm extractEntry lib/reporters/images/failed.png
173 silly gunzTarPerm extractEntry lib/reporters/images/success.png
174 silly gunzTarPerm extractEntry lib/preprocessors/Coffee.js
175 silly gunzTarPerm extractEntry lib/preprocessors/Coverage.js
176 silly gunzTarPerm extractEntry lib/preprocessors/Html2js.js
177 silly gunzTarPerm extractEntry lib/preprocessors/Live.js
178 silly gunzTarPerm extractEntry lib/launchers/Base.js
179 silly gunzTarPerm extractEntry lib/launchers/Chrome.js
180 silly gunzTarPerm extractEntry lib/launchers/ChromeCanary.js
181 silly gunzTarPerm extractEntry lib/launchers/Firefox.js
182 silly gunzTarPerm extractEntry lib/launchers/IE.js
183 silly gunzTarPerm extractEntry lib/launchers/Opera.js
184 silly gunzTarPerm extractEntry lib/launchers/PhantomJS.js
185 silly gunzTarPerm extractEntry lib/launchers/Safari.js
186 silly gunzTarPerm extractEntry CHANGELOG.md
187 silly gunzTarPerm extractEntry config.template
188 silly gunzTarPerm extractEntry .mailmap
189 silly gunzTarPerm extractEntry .gitattributes
190 silly gunzTarPerm extractEntry adapter/angular-scenario.js
191 silly gunzTarPerm extractEntry adapter/jasmine.js
192 silly gunzTarPerm extractEntry adapter/mocha.js
193 silly gunzTarPerm extractEntry adapter/qunit.js
194 silly gunzTarPerm extractEntry adapter/require.js
195 silly gunzTarPerm extractEntry adapter/lib/angular-scenario.js
196 silly gunzTarPerm extractEntry adapter/lib/jasmine.js
197 silly gunzTarPerm extractEntry adapter/lib/mocha.js
198 silly gunzTarPerm extractEntry adapter/lib/qunit.js
199 silly gunzTarPerm extractEntry adapter/lib/require.js
200 silly gunzTarPerm extractEntry bin/karma
201 silly gunzTarPerm extractEntry scripts/validate-commit-msg.js
202 silly gunzTarPerm extractEntry static/testacular.js
203 silly gunzTarPerm extractEntry static/client.html
204 silly gunzTarPerm extractEntry static/context.html
205 silly gunzTarPerm extractEntry static/debug.html
206 silly gunzTarPerm extractEntry static/safari.html
207 silly gunzTarPerm extractEntry test-results.xml
208 verbose read json /Users/dclowd9901/.npm/karma/0.8.6/package/package.json
209 silly lockFile e5fccc43-lowd9901-npm-karma-0-8-6-package /Users/dclowd9901/.npm/karma/0.8.6/package
210 silly shasum updated bytes 40960
211 silly shasum updated bytes 40960
212 silly shasum updated bytes 40960
213 silly shasum updated bytes 40960
214 silly shasum updated bytes 40960
215 silly shasum updated bytes 40960
216 silly shasum updated bytes 40960
217 silly shasum updated bytes 40960
218 silly shasum updated bytes 23481
219 info shasum dbc82cc19a40fa769600bc11445abe3a843de377
219 info shasum /Users/dclowd9901/.npm/karma/0.8.6/package.tgz
220 verbose from cache /Users/dclowd9901/.npm/karma/0.8.6/package/package.json
221 verbose chmod /Users/dclowd9901/.npm/karma/0.8.6/package.tgz 644
222 verbose chown /Users/dclowd9901/.npm/karma/0.8.6/package.tgz [ 501, 20 ]
223 silly lockFile dfef4c03--npmjs-org-karma-karma-0-8-6-tgz https://registry.npmjs.org/karma/-/karma-0.8.6.tgz
224 silly lockFile cf160b05-karma-0-8-6 karma@0.8.6
225 silly lockFile cd7961bb-karma karma@
226 silly resolved [ { name: 'karma',
226 silly resolved     description: 'Spectacular Test Runner for JavaScript.',
226 silly resolved     homepage: 'http://karma-runner.github.com/',
226 silly resolved     bugs: { url: 'https://github.com/karma-runner/karma/issues' },
226 silly resolved     keywords:
226 silly resolved      [ 'karma',
226 silly resolved        'spectacular',
226 silly resolved        'runner',
226 silly resolved        'testacular',
226 silly resolved        'js',
226 silly resolved        'javascript',
226 silly resolved        'testing',
226 silly resolved        'test',
226 silly resolved        'remote',
226 silly resolved        'execution' ],
226 silly resolved     author: { name: 'Vojta Jína', email: 'vojta.jina@gmail.com' },
226 silly resolved     contributors:
226 silly resolved      [ [Object],
226 silly resolved        [Object],
226 silly resolved        [Object],
226 silly resolved        [Object],
226 silly resolved        [Object],
226 silly resolved        [Object],
226 silly resolved        [Object],
226 silly resolved        [Object],
226 silly resolved        [Object],
226 silly resolved        [Object],
226 silly resolved        [Object],
226 silly resolved        [Object],
226 silly resolved        [Object],
226 silly resolved        [Object],
226 silly resolved        [Object],
226 silly resolved        [Object],
226 silly resolved        [Object],
226 silly resolved        [Object],
226 silly resolved        [Object],
226 silly resolved        [Object],
226 silly resolved        [Object],
226 silly resolved        [Object],
226 silly resolved        [Object],
226 silly resolved        [Object],
226 silly resolved        [Object],
226 silly resolved        [Object],
226 silly resolved        [Object],
226 silly resolved        [Object],
226 silly resolved        [Object],
226 silly resolved        [Object],
226 silly resolved        [Object],
226 silly resolved        [Object],
226 silly resolved        [Object],
226 silly resolved        [Object],
226 silly resolved        [Object],
226 silly resolved        [Object],
226 silly resolved        [Object] ],
226 silly resolved     dependencies:
226 silly resolved      { 'socket.io': '~0.9.13',
226 silly resolved        chokidar: '~0.6',
226 silly resolved        glob: '~3.1.21',
226 silly resolved        minimatch: '~0.2',
226 silly resolved        'http-proxy': '~0.10',
226 silly resolved        optimist: '0.3.5',
226 silly resolved        'coffee-script': '~1.6',
226 silly resolved        xmlbuilder: '0.4.2',
226 silly resolved        rimraf: '~2.1',
226 silly resolved        q: '~0.9',
226 silly resolved        LiveScript: '1.0.1',
226 silly resolved        colors: '0.6.0-1',
226 silly resolved        dateformat: '1.0.2-1.2.3',
226 silly resolved        istanbul: '0.1.22',
226 silly resolved        lodash: '~1.1',
226 silly resolved        growly: '~1.1',
226 silly resolved        pause: '0.0.1',
226 silly resolved        mime: '~1.2',
226 silly resolved        log4js: '~0.6.3' },
226 silly resolved     devDependencies:
226 silly resolved      { grunt: '~0.4',
226 silly resolved        'grunt-simple-mocha': 'git://github.com/yaymukund/grunt-simple-mocha.git',
226 silly resolved        'grunt-contrib-jshint': '~0.3',
226 silly resolved        mocks: '~0.0.10',
226 silly resolved        which: '~1.0',
226 silly resolved        'sinon-chai': '~2.3',
226 silly resolved        chai: '~1.5',
226 silly resolved        mocha: '~1.8',
226 silly resolved        sinon: '~1.6',
226 silly resolved        'timer-shim': '~0.2',
226 silly resolved        'chai-as-promised': '~3.2',
226 silly resolved        'mock-http-response': '~0.1',
226 silly resolved        qq: '~0.3' },
226 silly resolved     preferGlobal: true,
226 silly resolved     repository: { type: 'git', url: 'git://github.com/karma-runner/karma.git' },
226 silly resolved     main: './lib/index',
226 silly resolved     bin: { karma: './bin/karma' },
226 silly resolved     engines: { node: '~0.8 || ~0.10' },
226 silly resolved     version: '0.8.6',
226 silly resolved     readme: '# Karma [![Build Status](https://secure.travis-ci.org/karma-runner/karma.png?branch=stable)](http://travis-ci.org/karma-runner/karma) [![Build Status](https://secure.travis-ci.org/karma-runner/karma.png?branch=master)](http://travis-ci.org/karma-runner/karma)\n\nA simple tool that allows you to execute JavaScript code in multiple\n_real_ browsers, powered by [Node.js] and [Socket.io].\n\n> The main purpose of Karma is to make your TDD development easy,\n>  fast, and fun.\n\n\n## When should I use Karma?\n\n* You want to test code in *real* browsers.\n* You want to test code in multiple browsers (desktop, mobile,\n  tablets, etc.).\n* You want to execute your tests locally during development.\n* You want to execute your tests on a continuous integration server.\n* You want to execute your tests on every save.\n* You love your terminal.\n* You don\'t want your (testing) life to suck.\n* You want to use [Istanbul] to automagically generate coverage\n  reports.\n* You want to use [RequireJS] for your source files.\n\n\n## But I still want to use \\_insert testing library\\_\n\nKarma is not a testing framework, neither an assertion library,\nso for that you can use pretty much anything you like. Right now out\nof the box there is support for\n\n* [Mocha]\n* [Jasmine]\n* [QUnit]\n* \\_anything else\\_ Write your own adapter. It\'s not that hard. And we\n  are here to help.\n\n\n## Which Browsers can I use?\n\nAll the major browsers are supported, if you want to know more see the\n[Browsers] page.\n\n\n## I want to use it. Where do I sign?\n\nYou don\'t need to sign anything but here are some resources to help\nyou to get started.\n\n### Obligatory Screencast.\n\nEvery serious project has a screencast, so here is ours.  Just click\n[here] and let the show begin.\n\n### NPM Installation.\n\nIf you have [Node.js] installed, it\'s as simple as\n\n```bash\n$ npm install -g karma\n```\n\nThis will give you the latest stable version available on npm. If you\nwant to live life on the edge you can do so by\n\n```bash\n$ npm install -g karma@canary\n```\n\nThe curious can have a look at the [wiki] articles for\n[Getting Started] and [Versioning].\n\n### Using it.\n\nGo into your project and create a testacular configuration. That is\njust a simple JavaScript or CoffeeScript file that tells Karma\nwhere all the awesomeness of your project are.\n\nYou can find a simple example in\n[test/client/karma.conf.js](https://github.com/karma-runner/karma/blob/master/test/client/karma.conf.js)\nwhich contains most of the options.\n\nTo create your own from scratch there is the `init` command, which\nwill be named `karma.conf.js` by default:\n\n```bash\n$ karma init\n```\nThis will ask you many questions and if you answered them all correct\nyou will be allowed to use Karma.\n\nFor more information on the configuration options see\n[Configuration File Overview].\n\nNow that you have your configuration all that is left to do is to\nstart Karma:\n```bash\n$ karma start\n```\n\nIf you want to run tests manually (without auto watching file changes), you can:\n```bash\n$ karma run\n```\nBut only if you have started the Karma server before.\n\n\n## Why did you create this?\n\nThroughout the development of [AngularJS], we\'ve been using [JSTD] for\ntesting. I really think that JSTD is a great idea. Unfortunately, we\nhad many problems with JSTD, so we decided to write our own test\nrunner based on the same idea. We wanted a simple tool just for\nexecuting JavaScript tests that is both stable and fast. That\'s why we\nuse the awesome [Socket.io] library and [Node.js].\n\n\n## I still don\'t get it. Where can I get help?\n\n* [Wiki]\n* [Mailing List]\n* [Issuetracker]\n* [@JsKarma] on Twitter\n\n## This is so great. I want to help.\n\nSee\n[Contributing.md](https://github.com/karma-runner/karma/blob/master/CONTRIBUTING.md)\nor the [wiki] for more information.\n\n\n## My boss wants a license. So where is it?\n\n### The MIT License\n\n> Copyright (C) 2011-2013 Vojta Jína.\n>\n> Permission is hereby granted, free of charge, to any person\n> obtaining a copy of this software and associated documentation files\n> (the "Software"), to deal in the Software without restriction,\n> including without limitation the rights to use, copy, modify, merge,\n> publish, distribute, sublicense, and/or sell copies of the Software,\n> and to permit persons to whom the Software is furnished to do so,\n> subject to the following conditions:\n>\n> The above copyright notice and this permission notice shall be\n> included in all copies or substantial portions of the Software.\n>\n> THE SOFTWARE IS PROVIDED "AS IS", WITHOUT WARRANTY OF ANY KIND,\n> EXPRESS OR IMPLIED, INCLUDING BUT NOT LIMITED TO THE WARRANTIES OF\n> MERCHANTABILITY, FITNESS FOR A PARTICULAR PURPOSE AND\n> NONINFRINGEMENT. IN NO EVENT SHALL THE AUTHORS OR COPYRIGHT HOLDERS\n> BE LIABLE FOR ANY CLAIM, DAMAGES OR OTHER LIABILITY, WHETHER IN AN\n> ACTION OF CONTRACT, TORT OR OTHERWISE, ARISING FROM, OUT OF OR IN\n> CONNECTION WITH THE SOFTWARE OR THE USE OR OTHER DEALINGS IN THE\n> SOFTWARE.\n\n\n\n[AngularJS]: http://angularjs.org/\n[JSTD]: http://code.google.com/p/js-test-driver/\n[Socket.io]: http://socket.io/\n[Node.js]: http://nodejs.org/\n[Jasmine]: http://pivotal.github.com/jasmine/\n[Mocha]: http://visionmedia.github.com/mocha/\n[QUnit]: http://qunitjs.com/\n[Semantic Versioning]: http://semver.org/\n[here]: http://www.youtube.com/watch?v=MVw8N3hTfCI\n[installers]: http://nodejs.org/download/\n[wiki]: https://github.com/karma-runner/karma/wiki\n[Wiki]: https://github.com/karma-runner/karma/wiki\n[Getting Started]: https://github.com/karma-runner/karma/wiki/Getting-Started\n[Versioning]: https://github.com/karma-runner/karma/wiki/Versioning\n[Configuration File Overview]: https://github.com/karma-runner/karma/wiki/Configuration-File-Overview\n[Mailing List]: https://groups.google.com/forum/#!forum/karma-users\n[Issuetracker]: https://github.com/karma-runner/karma/issues\n[@JsKarma]: http://twitter.com/JsKarma\n[Browsers]: https://github.com/karma-runner/karma/wiki/Browsers\n[RequireJS]: http://requirejs.org/\n[Istanbul]: https://github.com/gotwarlost/istanbul\n\n',
226 silly resolved     _id: 'karma@0.8.6',
226 silly resolved     dist: { shasum: 'dbc82cc19a40fa769600bc11445abe3a843de377' },
226 silly resolved     _from: 'karma' } ]
227 info install karma@0.8.6 into /usr/local/lib
228 info installOne karma@0.8.6
229 verbose from cache /Users/dclowd9901/.npm/karma/0.8.6/package/package.json
230 info /usr/local/lib/node_modules/karma unbuild
231 verbose read json /usr/local/lib/node_modules/karma/package.json
232 verbose tar unpack /Users/dclowd9901/.npm/karma/0.8.6/package.tgz
233 silly lockFile dbe64a29-usr-local-lib-node-modules-karma /usr/local/lib/node_modules/karma
234 verbose lock /usr/local/lib/node_modules/karma /Users/dclowd9901/.npm/dbe64a29-usr-local-lib-node-modules-karma.lock
235 silly gunzTarPerm modes [ '755', '644' ]
236 error Error: EACCES, mkdir '/usr/local/lib/node_modules/karma'
236 error  { [Error: EACCES, mkdir '/usr/local/lib/node_modules/karma']
236 error   errno: 3,
236 error   code: 'EACCES',
236 error   path: '/usr/local/lib/node_modules/karma',
236 error   fstream_type: 'Directory',
236 error   fstream_path: '/usr/local/lib/node_modules/karma',
236 error   fstream_class: 'DirWriter',
236 error   fstream_stack:
236 error    [ 'DirWriter._create (/usr/local/lib/node_modules/npm/node_modules/fstream/lib/dir-writer.js:36:23)',
236 error      '/usr/local/lib/node_modules/npm/node_modules/mkdirp/index.js:51:17',
236 error      'Object.oncomplete (fs.js:297:15)' ] }
237 error Please try running this command again as root/Administrator.
238 error System Darwin 12.4.0
239 error command "node" "/usr/local/bin/npm" "install" "-g" "karma"
240 error cwd /Applications/XAMPP/xamppfiles/htdocs/dev/shootemup/lib/plugins/bezier
241 error node -v v0.8.6
242 error npm -v 1.1.48
243 error path /usr/local/lib/node_modules/karma
244 error fstream_path /usr/local/lib/node_modules/karma
245 error fstream_type Directory
246 error fstream_class DirWriter
247 error code EACCES
248 error errno 3
249 error stack Error: EACCES, mkdir '/usr/local/lib/node_modules/karma'
250 error fstream_stack DirWriter._create (/usr/local/lib/node_modules/npm/node_modules/fstream/lib/dir-writer.js:36:23)
250 error fstream_stack /usr/local/lib/node_modules/npm/node_modules/mkdirp/index.js:51:17
250 error fstream_stack Object.oncomplete (fs.js:297:15)
251 verbose exit [ 3, true ]
